<?xml version="1.0" encoding="UTF-8"?>
<testsuite name="HardFunctionsTest" tests="4" skipped="0" failures="0" errors="0" timestamp="2023-02-15T14:15:36" hostname="WPLKM250542-F0V" time="6.418">
  <properties/>
  <testcase name="quickSortTest()" classname="HardFunctionsTest" time="2.307"/>
  <testcase name="setCornerOfTheTImerTest()" classname="HardFunctionsTest" time="0.002"/>
  <testcase name="firstNonRepetedCharacterTest()" classname="HardFunctionsTest" time="0.001"/>
  <testcase name="SortProcedureTest()" classname="HardFunctionsTest" time="4.104"/>
  <system-out><![CDATA[Quick
2269

272.0

Basic
4111

]]></system-out>
  <system-err><![CDATA[]]></system-err>
</testsuite>
