<?xml version="1.0" encoding="UTF-8"?>
<testsuite name="HardFunctionsTest" tests="4" skipped="0" failures="0" errors="0" timestamp="2023-02-14T20:03:30" hostname="WPLKM250542-F0V" time="0.035">
  <properties/>
  <testcase name="quickSortTest()" classname="HardFunctionsTest" time="0.027"/>
  <testcase name="setCornerOfTheTImerTest()" classname="HardFunctionsTest" time="0.002"/>
  <testcase name="firstNonRepetedCharacterTest()" classname="HardFunctionsTest" time="0.0"/>
  <testcase name="SortProcedureTest()" classname="HardFunctionsTest" time="0.003"/>
  <system-out><![CDATA[12900
1, 2, 3, 4, 5, 6, 7, 8, 9, 10, 11, 14, 17, 20, 21, 22, 34, 34, 55, 99, 
272.0

Basic
15300
1, 2, 3, 4, 5, 
1, 2, 3, 4, 5, 6, 7, 8, 9, 10, 11, 14, 17, 20, 21, 22, 34, 34, 55, 99, 
]]></system-out>
  <system-err><![CDATA[]]></system-err>
</testsuite>
