<?xml version="1.0" encoding="UTF-8"?>
<testsuite name="HardFunctionsTest" tests="1" skipped="0" failures="0" errors="0" timestamp="2023-02-13T20:55:10" hostname="WPLKM250542-F0V" time="0.024">
  <properties/>
  <testcase name="quickSortTest()" classname="HardFunctionsTest" time="0.024"/>
  <system-out><![CDATA[10
4, 3, 5, 10, 1, ]]></system-out>
  <system-err><![CDATA[]]></system-err>
</testsuite>
