<?xml version="1.0" encoding="UTF-8"?>
<testsuite name="MediumFunctionsTest" tests="1" skipped="0" failures="0" errors="0" timestamp="2023-02-08T10:14:07" hostname="LAPTOP-KMKOID83" time="0.021">
  <properties/>
  <testcase name="TestMultiSquare()" classname="MediumFunctionsTest" time="0.021"/>
  <system-out><![CDATA[123
246
369
]]></system-out>
  <system-err><![CDATA[]]></system-err>
</testsuite>
