<?xml version="1.0" encoding="UTF-8"?>
<testsuite name="BasicFunctionsTest" tests="1" skipped="0" failures="0" errors="0" timestamp="2023-02-08T12:42:03" hostname="LAPTOP-KMKOID83" time="0.017">
  <properties/>
  <testcase name="findTheSecondLargestTest()" classname="BasicFunctionsTest" time="0.017"/>
  <system-out><![CDATA[]]></system-out>
  <system-err><![CDATA[]]></system-err>
</testsuite>
